Line 76: Class CommCtrls.ItxtBox of control txtCode was not a loaded control class.
Line 96: Class CommCtrls.CtxtBox of control txtName was not a loaded control class.
Line 118: Class CommCtrls.CtxtBox of control txtContactPer was not a loaded control class.
Line 140: Class CommCtrls.CtxtBox of control txtAlsName was not a loaded control class.
Line 162: Class CommCtrls.mskDat of control mskTdat was not a loaded control class.
Line 181: Class CommCtrls.CtxtBox of control txtFyear was not a loaded control class.
Line 202: Class CommCtrls.mskDat of control mskFdat was not a loaded control class.
Line 319: Class CommCtrls.CtxtBox of control txtAdd1 was not a loaded control class.
Line 341: Class CommCtrls.CtxtBox of control txtAdd2 was not a loaded control class.
Line 363: Class CommCtrls.CtxtBox of control txtCity was not a loaded control class.
Line 385: Class CommCtrls.CtxtBox of control txtDist was not a loaded control class.
Line 407: Class CommCtrls.CtxtBox of control txtPnCd was not a loaded control class.
Line 429: Class CommCtrls.CtxtBox of control txtState was not a loaded control class.
Line 451: Class CommCtrls.CtxtBox of control txtPhone was not a loaded control class.
Line 472: Class CommCtrls.CtxtBox of control txtPhone1 was not a loaded control class.
Line 493: Class CommCtrls.CtxtBox of control txtMobile was not a loaded control class.
Line 515: Class CommCtrls.CtxtBox of control txtEmail was not a loaded control class.
Line 536: Class CommCtrls.CtxtBox of control txtWWW was not a loaded control class.
Line 557: Class CommCtrls.CtxtBox of control txtPhone2 was not a loaded control class.
Line 578: Class CommCtrls.CtxtBox of control txtAdd3 was not a loaded control class.
Line 717: Class CommCtrls.CtxtBox of control txtCstNo was not a loaded control class.
Line 739: Class CommCtrls.CtxtBox of control txtGstNo was not a loaded control class.
Line 761: Class CommCtrls.CtxtBox of control txtPanNo was not a loaded control class.
Line 847: Class HlpN.HlpNCode of control hlpFind was not a loaded control class.
